<?xml version="1.0" encoding="UTF-8"?>
<testsuite xmlns:xsi="http://www.w3.org/2001/XMLSchema-instance" xsi:noNamespaceSchemaLocation="https://maven.apache.org/surefire/maven-surefire-plugin/xsd/surefire-test-report-3.0.xsd" version="3.0" name="io.github.levyxx.checkpoint.CheckpointManagerTest" time="0.098" tests="8" errors="0" skipped="0" failures="0">
  <properties>
    <property name="java.specification.version" value="17"/>
    <property name="sun.jnu.encoding" value="UTF-8"/>
    <property name="java.class.path" value="/home/user/minecraft/minecraft-checkpoint/target/test-classes:/home/user/minecraft/minecraft-checkpoint/target/classes:/home/user/.m2/repository/org/spigotmc/spigot-api/1.20.1-R0.1-SNAPSHOT/spigot-api-1.20.1-R0.1-SNAPSHOT.jar:/home/user/.m2/repository/com/google/guava/guava/31.1-jre/guava-31.1-jre.jar:/home/user/.m2/repository/com/google/guava/failureaccess/1.0.1/failureaccess-1.0.1.jar:/home/user/.m2/repository/com/google/guava/listenablefuture/9999.0-empty-to-avoid-conflict-with-guava/listenablefuture-9999.0-empty-to-avoid-conflict-with-guava.jar:/home/user/.m2/repository/com/google/code/findbugs/jsr305/3.0.2/jsr305-3.0.2.jar:/home/user/.m2/repository/org/checkerframework/checker-qual/3.12.0/checker-qual-3.12.0.jar:/home/user/.m2/repository/com/google/errorprone/error_prone_annotations/2.11.0/error_prone_annotations-2.11.0.jar:/home/user/.m2/repository/com/google/j2objc/j2objc-annotations/1.3/j2objc-annotations-1.3.jar:/home/user/.m2/repository/com/google/code/gson/gson/2.10/gson-2.10.jar:/home/user/.m2/repository/org/joml/joml/1.10.5/joml-1.10.5.jar:/home/user/.m2/repository/net/md-5/bungeecord-chat/1.20-R0.1/bungeecord-chat-1.20-R0.1.jar:/home/user/.m2/repository/org/yaml/snakeyaml/2.0/snakeyaml-2.0.jar:/home/user/.m2/repository/org/junit/jupiter/junit-jupiter-api/5.10.2/junit-jupiter-api-5.10.2.jar:/home/user/.m2/repository/org/opentest4j/opentest4j/1.3.0/opentest4j-1.3.0.jar:/home/user/.m2/repository/org/junit/platform/junit-platform-commons/1.10.2/junit-platform-commons-1.10.2.jar:/home/user/.m2/repository/org/apiguardian/apiguardian-api/1.1.2/apiguardian-api-1.1.2.jar:/home/user/.m2/repository/org/junit/jupiter/junit-jupiter-engine/5.10.2/junit-jupiter-engine-5.10.2.jar:/home/user/.m2/repository/org/junit/platform/junit-platform-engine/1.10.2/junit-platform-engine-1.10.2.jar:"/>
    <property name="java.vm.vendor" value="Ubuntu"/>
    <property name="sun.arch.data.model" value="64"/>
    <property name="java.vendor.url" value="https://ubuntu.com/"/>
    <property name="os.name" value="Linux"/>
    <property name="java.vm.specification.version" value="17"/>
    <property name="sun.java.launcher" value="SUN_STANDARD"/>
    <property name="user.country" value="JP"/>
    <property name="sun.boot.library.path" value="/usr/lib/jvm/java-17-openjdk-amd64/lib"/>
    <property name="sun.java.command" value="/home/user/minecraft/minecraft-checkpoint/target/surefire/surefirebooter-20251001111548354_3.jar /home/user/minecraft/minecraft-checkpoint/target/surefire 2025-10-01T11-15-48_279-jvmRun1 surefire-20251001111548354_1tmp surefire_0-20251001111548354_2tmp"/>
    <property name="jdk.debug" value="release"/>
    <property name="surefire.test.class.path" value="/home/user/minecraft/minecraft-checkpoint/target/test-classes:/home/user/minecraft/minecraft-checkpoint/target/classes:/home/user/.m2/repository/org/spigotmc/spigot-api/1.20.1-R0.1-SNAPSHOT/spigot-api-1.20.1-R0.1-SNAPSHOT.jar:/home/user/.m2/repository/com/google/guava/guava/31.1-jre/guava-31.1-jre.jar:/home/user/.m2/repository/com/google/guava/failureaccess/1.0.1/failureaccess-1.0.1.jar:/home/user/.m2/repository/com/google/guava/listenablefuture/9999.0-empty-to-avoid-conflict-with-guava/listenablefuture-9999.0-empty-to-avoid-conflict-with-guava.jar:/home/user/.m2/repository/com/google/code/findbugs/jsr305/3.0.2/jsr305-3.0.2.jar:/home/user/.m2/repository/org/checkerframework/checker-qual/3.12.0/checker-qual-3.12.0.jar:/home/user/.m2/repository/com/google/errorprone/error_prone_annotations/2.11.0/error_prone_annotations-2.11.0.jar:/home/user/.m2/repository/com/google/j2objc/j2objc-annotations/1.3/j2objc-annotations-1.3.jar:/home/user/.m2/repository/com/google/code/gson/gson/2.10/gson-2.10.jar:/home/user/.m2/repository/org/joml/joml/1.10.5/joml-1.10.5.jar:/home/user/.m2/repository/net/md-5/bungeecord-chat/1.20-R0.1/bungeecord-chat-1.20-R0.1.jar:/home/user/.m2/repository/org/yaml/snakeyaml/2.0/snakeyaml-2.0.jar:/home/user/.m2/repository/org/junit/jupiter/junit-jupiter-api/5.10.2/junit-jupiter-api-5.10.2.jar:/home/user/.m2/repository/org/opentest4j/opentest4j/1.3.0/opentest4j-1.3.0.jar:/home/user/.m2/repository/org/junit/platform/junit-platform-commons/1.10.2/junit-platform-commons-1.10.2.jar:/home/user/.m2/repository/org/apiguardian/apiguardian-api/1.1.2/apiguardian-api-1.1.2.jar:/home/user/.m2/repository/org/junit/jupiter/junit-jupiter-engine/5.10.2/junit-jupiter-engine-5.10.2.jar:/home/user/.m2/repository/org/junit/platform/junit-platform-engine/1.10.2/junit-platform-engine-1.10.2.jar:"/>
    <property name="sun.cpu.endian" value="little"/>
    <property name="user.home" value="/home/user"/>
    <property name="user.language" value="ja"/>
    <property name="java.specification.vendor" value="Oracle Corporation"/>
    <property name="java.version.date" value="2025-07-15"/>
    <property name="java.home" value="/usr/lib/jvm/java-17-openjdk-amd64"/>
    <property name="file.separator" value="/"/>
    <property name="basedir" value="/home/user/minecraft/minecraft-checkpoint"/>
    <property name="java.vm.compressedOopsMode" value="Zero based"/>
    <property name="line.separator" value="&#10;"/>
    <property name="java.vm.specification.vendor" value="Oracle Corporation"/>
    <property name="java.specification.name" value="Java Platform API Specification"/>
    <property name="surefire.real.class.path" value="/home/user/minecraft/minecraft-checkpoint/target/surefire/surefirebooter-20251001111548354_3.jar"/>
    <property name="sun.management.compiler" value="HotSpot 64-Bit Tiered Compilers"/>
    <property name="java.runtime.version" value="17.0.16+8-Ubuntu-0ubuntu122.04.1"/>
    <property name="user.name" value="user"/>
    <property name="path.separator" value=":"/>
    <property name="os.version" value="6.6.87.2-microsoft-standard-WSL2"/>
    <property name="java.runtime.name" value="OpenJDK Runtime Environment"/>
    <property name="file.encoding" value="UTF-8"/>
    <property name="java.vm.name" value="OpenJDK 64-Bit Server VM"/>
    <property name="localRepository" value="/home/user/.m2/repository"/>
    <property name="java.vendor.url.bug" value="https://bugs.launchpad.net/ubuntu/+source/openjdk-17"/>
    <property name="java.io.tmpdir" value="/tmp"/>
    <property name="java.version" value="17.0.16"/>
    <property name="user.dir" value="/home/user/minecraft/minecraft-checkpoint"/>
    <property name="os.arch" value="amd64"/>
    <property name="java.vm.specification.name" value="Java Virtual Machine Specification"/>
    <property name="native.encoding" value="UTF-8"/>
    <property name="java.library.path" value="/usr/java/packages/lib:/usr/lib/x86_64-linux-gnu/jni:/lib/x86_64-linux-gnu:/usr/lib/x86_64-linux-gnu:/usr/lib/jni:/lib:/usr/lib"/>
    <property name="java.vm.info" value="mixed mode, sharing"/>
    <property name="java.vendor" value="Ubuntu"/>
    <property name="java.vm.version" value="17.0.16+8-Ubuntu-0ubuntu122.04.1"/>
    <property name="java.specification.maintenance.version" value="1"/>
    <property name="sun.io.unicode.encoding" value="UnicodeLittle"/>
    <property name="java.class.version" value="61.0"/>
  </properties>
  <testcase name="shouldRejectDuplicateNamedCheckpoint" classname="io.github.levyxx.checkpoint.CheckpointManagerTest" time="0.036"/>
  <testcase name="shouldUpdateExistingNamedCheckpoint" classname="io.github.levyxx.checkpoint.CheckpointManagerTest" time="0.023"/>
  <testcase name="shouldClearSelectionWhenNamedCheckpointRemoved" classname="io.github.levyxx.checkpoint.CheckpointManagerTest" time="0.003"/>
  <testcase name="shouldSelectNamedCheckpoint" classname="io.github.levyxx.checkpoint.CheckpointManagerTest" time="0.001"/>
  <testcase name="shouldHandleNullPlayerId" classname="io.github.levyxx.checkpoint.CheckpointManagerTest" time="0.001"/>
  <testcase name="shouldRejectUpdateForUnknownCheckpoint" classname="io.github.levyxx.checkpoint.CheckpointManagerTest" time="0.002"/>
  <testcase name="shouldClearCheckpoint" classname="io.github.levyxx.checkpoint.CheckpointManagerTest" time="0.002"/>
  <testcase name="shouldReturnStoredQuickCheckpoint" classname="io.github.levyxx.checkpoint.CheckpointManagerTest" time="0.001"/>
</testsuite>